{"/home/aldair/Learning/reactT/02-first-steps/src/FirstStepsApp.tsx": {"path":"/home/aldair/Learning/reactT/02-first-steps/src/FirstStepsApp.tsx","all":false,"statementMap":{"0":{"start":{"line":1,"column":0},"end":{"line":1,"column":58}},"7":{"start":{"line":8,"column":0},"end":{"line":8,"column":35}},"8":{"start":{"line":9,"column":0},"end":{"line":9,"column":52}},"9":{"start":{"line":10,"column":0},"end":{"line":10,"column":49}},"10":{"start":{"line":11,"column":0},"end":{"line":11,"column":46}},"11":{"start":{"line":12,"column":0},"end":{"line":12,"column":2}},"13":{"start":{"line":14,"column":0},"end":{"line":14,"column":33}},"14":{"start":{"line":15,"column":0},"end":{"line":15,"column":10}},"15":{"start":{"line":16,"column":0},"end":{"line":16,"column":6}},"16":{"start":{"line":17,"column":0},"end":{"line":17,"column":33}},"18":{"start":{"line":19,"column":0},"end":{"line":19,"column":67}},"19":{"start":{"line":20,"column":0},"end":{"line":20,"column":80}},"27":{"start":{"line":28,"column":0},"end":{"line":28,"column":1}}},"s":{"0":1,"7":1,"8":1,"9":1,"10":1,"11":1,"13":1,"14":3,"15":3,"16":3,"18":3,"19":3,"27":3},"branchMap":{"0":{"type":"branch","line":14,"loc":{"start":{"line":14,"column":7},"end":{"line":28,"column":1}},"locations":[{"start":{"line":14,"column":7},"end":{"line":28,"column":1}}]}},"b":{"0":[3]},"fnMap":{"0":{"name":"FirstStepsApp","decl":{"start":{"line":14,"column":7},"end":{"line":28,"column":1}},"loc":{"start":{"line":14,"column":7},"end":{"line":28,"column":1}},"line":14}},"f":{"0":3}}
,"/home/aldair/Learning/reactT/02-first-steps/src/MyAwesomeApp.tsx": {"path":"/home/aldair/Learning/reactT/02-first-steps/src/MyAwesomeApp.tsx","all":false,"statementMap":{"2":{"start":{"line":3,"column":0},"end":{"line":3,"column":29}},"3":{"start":{"line":4,"column":0},"end":{"line":4,"column":26}},"5":{"start":{"line":6,"column":0},"end":{"line":6,"column":62}},"6":{"start":{"line":7,"column":0},"end":{"line":7,"column":31}},"8":{"start":{"line":9,"column":0},"end":{"line":9,"column":17}},"9":{"start":{"line":10,"column":0},"end":{"line":10,"column":21}},"10":{"start":{"line":11,"column":0},"end":{"line":11,"column":21}},"11":{"start":{"line":12,"column":0},"end":{"line":12,"column":2}},"12":{"start":{"line":13,"column":0},"end":{"line":13,"column":33}},"13":{"start":{"line":14,"column":0},"end":{"line":14,"column":29}},"14":{"start":{"line":15,"column":0},"end":{"line":15,"column":19}},"15":{"start":{"line":16,"column":0},"end":{"line":16,"column":14}},"16":{"start":{"line":17,"column":0},"end":{"line":17,"column":2}},"18":{"start":{"line":19,"column":0},"end":{"line":19,"column":32}},"19":{"start":{"line":20,"column":0},"end":{"line":20,"column":10}},"20":{"start":{"line":21,"column":0},"end":{"line":21,"column":31}},"21":{"start":{"line":22,"column":0},"end":{"line":22,"column":57}},"22":{"start":{"line":23,"column":0},"end":{"line":23,"column":25}},"23":{"start":{"line":24,"column":0},"end":{"line":24,"column":69}},"24":{"start":{"line":25,"column":0},"end":{"line":25,"column":20}},"25":{"start":{"line":26,"column":0},"end":{"line":26,"column":50}},"26":{"start":{"line":27,"column":0},"end":{"line":27,"column":55}},"29":{"start":{"line":30,"column":0},"end":{"line":30,"column":1}}},"s":{"2":1,"3":1,"5":1,"6":1,"8":1,"9":1,"10":1,"11":1,"12":1,"13":1,"14":1,"15":1,"16":1,"18":1,"19":1,"20":1,"21":1,"22":1,"23":1,"24":1,"25":1,"26":1,"29":1},"branchMap":{"0":{"type":"branch","line":19,"loc":{"start":{"line":19,"column":7},"end":{"line":30,"column":1}},"locations":[{"start":{"line":19,"column":7},"end":{"line":30,"column":1}}]},"1":{"type":"branch","line":26,"loc":{"start":{"line":26,"column":22},"end":{"line":26,"column":50}},"locations":[{"start":{"line":26,"column":22},"end":{"line":26,"column":50}}]}},"b":{"0":[1],"1":[0]},"fnMap":{"0":{"name":"MyAwesomeApp","decl":{"start":{"line":19,"column":7},"end":{"line":30,"column":1}},"loc":{"start":{"line":19,"column":7},"end":{"line":30,"column":1}},"line":19}},"f":{"0":1}}
,"/home/aldair/Learning/reactT/02-first-steps/src/main.tsx": {"path":"/home/aldair/Learning/reactT/02-first-steps/src/main.tsx","all":true,"statementMap":{"0":{"start":{"line":1,"column":0},"end":{"line":1,"column":35}},"1":{"start":{"line":2,"column":0},"end":{"line":2,"column":46}},"2":{"start":{"line":3,"column":0},"end":{"line":3,"column":48}},"4":{"start":{"line":5,"column":0},"end":{"line":5,"column":52}},"5":{"start":{"line":6,"column":0},"end":{"line":6,"column":14}},"6":{"start":{"line":7,"column":0},"end":{"line":7,"column":21}}},"s":{"0":0,"1":0,"2":0,"4":0,"5":0,"6":0},"branchMap":{"0":{"type":"branch","line":1,"loc":{"start":{"line":1,"column":241},"end":{"line":9,"column":2}},"locations":[{"start":{"line":1,"column":241},"end":{"line":9,"column":2}}]}},"b":{"0":[0]},"fnMap":{"0":{"name":"(empty-report)","decl":{"start":{"line":1,"column":241},"end":{"line":9,"column":2}},"loc":{"start":{"line":1,"column":241},"end":{"line":9,"column":2}},"line":1}},"f":{"0":0}}
,"/home/aldair/Learning/reactT/02-first-steps/src/helpers/math.helper.ts": {"path":"/home/aldair/Learning/reactT/02-first-steps/src/helpers/math.helper.ts","all":false,"statementMap":{"0":{"start":{"line":1,"column":0},"end":{"line":1,"column":46}},"1":{"start":{"line":2,"column":0},"end":{"line":2,"column":15}},"2":{"start":{"line":3,"column":0},"end":{"line":3,"column":2}},"4":{"start":{"line":5,"column":0},"end":{"line":5,"column":51}},"5":{"start":{"line":6,"column":0},"end":{"line":6,"column":15}},"6":{"start":{"line":7,"column":0},"end":{"line":7,"column":2}},"8":{"start":{"line":9,"column":0},"end":{"line":9,"column":51}},"9":{"start":{"line":10,"column":0},"end":{"line":10,"column":15}},"10":{"start":{"line":11,"column":0},"end":{"line":11,"column":2}},"12":{"start":{"line":13,"column":0},"end":{"line":13,"column":49}},"13":{"start":{"line":14,"column":0},"end":{"line":14,"column":15}},"14":{"start":{"line":15,"column":0},"end":{"line":15,"column":2}}},"s":{"0":1,"1":2,"2":2,"4":1,"5":2,"6":2,"8":1,"9":2,"10":2,"12":1,"13":0,"14":0},"branchMap":{"0":{"type":"branch","line":1,"loc":{"start":{"line":1,"column":19},"end":{"line":3,"column":2}},"locations":[{"start":{"line":1,"column":19},"end":{"line":3,"column":2}}]},"1":{"type":"branch","line":5,"loc":{"start":{"line":5,"column":24},"end":{"line":7,"column":2}},"locations":[{"start":{"line":5,"column":24},"end":{"line":7,"column":2}}]},"2":{"type":"branch","line":9,"loc":{"start":{"line":9,"column":24},"end":{"line":11,"column":2}},"locations":[{"start":{"line":9,"column":24},"end":{"line":11,"column":2}}]}},"b":{"0":[2],"1":[2],"2":[2]},"fnMap":{"0":{"name":"add","decl":{"start":{"line":1,"column":19},"end":{"line":3,"column":2}},"loc":{"start":{"line":1,"column":19},"end":{"line":3,"column":2}},"line":1},"1":{"name":"subtract","decl":{"start":{"line":5,"column":24},"end":{"line":7,"column":2}},"loc":{"start":{"line":5,"column":24},"end":{"line":7,"column":2}},"line":5},"2":{"name":"multiply","decl":{"start":{"line":9,"column":24},"end":{"line":11,"column":2}},"loc":{"start":{"line":9,"column":24},"end":{"line":11,"column":2}},"line":9},"3":{"name":"divide","decl":{"start":{"line":13,"column":22},"end":{"line":15,"column":2}},"loc":{"start":{"line":13,"column":22},"end":{"line":15,"column":2}},"line":13}},"f":{"0":2,"1":2,"2":2,"3":0}}
,"/home/aldair/Learning/reactT/02-first-steps/src/shopping-cart/ItemCounter.tsx": {"path":"/home/aldair/Learning/reactT/02-first-steps/src/shopping-cart/ItemCounter.tsx","all":false,"statementMap":{"0":{"start":{"line":1,"column":0},"end":{"line":1,"column":33}},"2":{"start":{"line":3,"column":0},"end":{"line":3,"column":27}},"3":{"start":{"line":4,"column":0},"end":{"line":4,"column":46}},"11":{"start":{"line":12,"column":0},"end":{"line":12,"column":63}},"12":{"start":{"line":13,"column":0},"end":{"line":13,"column":47}},"14":{"start":{"line":15,"column":0},"end":{"line":15,"column":27}},"15":{"start":{"line":16,"column":0},"end":{"line":16,"column":35}},"16":{"start":{"line":17,"column":0},"end":{"line":17,"column":4}},"18":{"start":{"line":19,"column":0},"end":{"line":19,"column":32}},"19":{"start":{"line":20,"column":0},"end":{"line":20,"column":28}},"20":{"start":{"line":21,"column":0},"end":{"line":21,"column":35}},"21":{"start":{"line":22,"column":0},"end":{"line":22,"column":4}},"23":{"start":{"line":24,"column":0},"end":{"line":24,"column":10}},"24":{"start":{"line":25,"column":0},"end":{"line":25,"column":12}},"25":{"start":{"line":26,"column":0},"end":{"line":26,"column":36}},"33":{"start":{"line":34,"column":0},"end":{"line":34,"column":11}},"34":{"start":{"line":35,"column":0},"end":{"line":35,"column":35}},"35":{"start":{"line":36,"column":0},"end":{"line":36,"column":16}},"36":{"start":{"line":37,"column":0},"end":{"line":37,"column":47}},"37":{"start":{"line":38,"column":0},"end":{"line":38,"column":10}},"39":{"start":{"line":40,"column":0},"end":{"line":40,"column":14}},"41":{"start":{"line":42,"column":0},"end":{"line":42,"column":45}},"42":{"start":{"line":43,"column":0},"end":{"line":43,"column":26}},"43":{"start":{"line":44,"column":0},"end":{"line":44,"column":50}},"46":{"start":{"line":47,"column":0},"end":{"line":47,"column":2}}},"s":{"0":1,"2":1,"3":1,"11":1,"12":4,"14":4,"15":0,"16":0,"18":4,"19":2,"20":1,"21":1,"23":4,"24":4,"25":4,"33":4,"34":4,"35":4,"36":4,"37":4,"39":4,"41":4,"42":4,"43":4,"46":4},"branchMap":{"0":{"type":"branch","line":12,"loc":{"start":{"line":12,"column":27},"end":{"line":47,"column":2}},"locations":[{"start":{"line":12,"column":27},"end":{"line":47,"column":2}}]},"1":{"type":"branch","line":37,"loc":{"start":{"line":37,"column":27},"end":{"line":37,"column":39}},"locations":[{"start":{"line":37,"column":27},"end":{"line":37,"column":39}}]},"2":{"type":"branch","line":37,"loc":{"start":{"line":37,"column":31},"end":{"line":37,"column":47}},"locations":[{"start":{"line":37,"column":31},"end":{"line":37,"column":47}}]},"3":{"type":"branch","line":19,"loc":{"start":{"line":19,"column":25},"end":{"line":22,"column":4}},"locations":[{"start":{"line":19,"column":25},"end":{"line":22,"column":4}}]},"4":{"type":"branch","line":20,"loc":{"start":{"line":20,"column":21},"end":{"line":22,"column":4}},"locations":[{"start":{"line":20,"column":21},"end":{"line":22,"column":4}}]},"5":{"type":"branch","line":21,"loc":{"start":{"line":21,"column":13},"end":{"line":21,"column":35}},"locations":[{"start":{"line":21,"column":13},"end":{"line":21,"column":35}}]}},"b":{"0":[4],"1":[2],"2":[2],"3":[2],"4":[1],"5":[1]},"fnMap":{"0":{"name":"ItemCounter","decl":{"start":{"line":12,"column":27},"end":{"line":47,"column":2}},"loc":{"start":{"line":12,"column":27},"end":{"line":47,"column":2}},"line":12},"1":{"name":"handleAdd","decl":{"start":{"line":15,"column":20},"end":{"line":17,"column":4}},"loc":{"start":{"line":15,"column":20},"end":{"line":17,"column":4}},"line":15},"2":{"name":"handleSubtract","decl":{"start":{"line":19,"column":25},"end":{"line":22,"column":4}},"loc":{"start":{"line":19,"column":25},"end":{"line":22,"column":4}},"line":19}},"f":{"0":4,"1":0,"2":2}}
}
